<?xml version="1.0" encoding="UTF-8"?>
<testsuite xmlns:xsi="http://www.w3.org/2001/XMLSchema-instance" xsi:noNamespaceSchemaLocation="https://maven.apache.org/surefire/maven-surefire-plugin/xsd/surefire-test-report-3.0.xsd" version="3.0" name="com.example.pocket.orm.SqlQueryParserTest" time="0.247" tests="5" errors="0" skipped="0" failures="0">
  <properties>
[...]
</properties>
  <testcase name="testInsertBuildsAllColumnsAndGeneratesPk" classname="com.example.pocket.orm.SqlQueryParserTest" time="0.172"/>
  <testcase name="testUpdatePartial" classname="com.example.pocket.orm.SqlQueryParserTest" time="0.005"/>
  <testcase name="testNestedInsertPlanParentBeforeChildAndFkPropagation" classname="com.example.pocket.orm.SqlQueryParserTest" time="0.009"/>
  <testcase name="testDelete" classname="com.example.pocket.orm.SqlQueryParserTest" time="0.002"/>
  <testcase name="testSelectFilters" classname="com.example.pocket.orm.SqlQueryParserTest" time="0.002"/>
</testsuite>